Se dio de alta la inasistencia por mathias Fecha: 
El registro codigo:  7 se elimino por mathias Fecha: 
El registro codigo:  5 se elimino por mathias Fecha:  .
El registro codigo:  8 se elimino por mathias Fecha: 02/11/2220:30:55 .
Se dio de alta la inasistencia codigo: 14  por el usuario mathias Fecha: 02/11/2220:35:03 .
Se consulto lista profesores por el usuario mathias Fecha: 02/11/2221:20:48.
Se consulto inasistencias de mathias por el usuario mathias Fecha: 07/11/2211:44:23
Se consulto lista profesores por el usuario mathias Fecha: 07/11/2211:44:23.
Se consulto inasistencias de mathias por el usuario mathias Fecha: 07/11/2211:55:59
Se consulto lista profesores por el usuario mathias Fecha: 07/11/2211:55:59.
Se consulto inasistencias de mathias por el usuario mathias Fecha: 07/11/2211:57:35
Se consulto lista profesores por el usuario mathias Fecha: 07/11/2211:57:35.
Se consulto inasistencias de mathias por el usuario mathias Fecha: 07/11/2213:50:55
Se consulto lista profesores por el usuario mathias Fecha: 07/11/2213:50:55.
Se consulto inasistencias de mathias por el usuario mathias Fecha: 07/11/2213:55:09
Se consulto lista profesores por el usuario mathias Fecha: 07/11/2213:55:09.
Se consulto inasistencias del mes: 11 de mathias CI: 51114096 por usuario: mathias Fecha: 07/11/2213:57:35
Se consulto lista profesores por el usuario mathias Fecha: 07/11/2213:57:35.
Se consulto inasistencias del mes: 11 de mathias CI: 51114096 por usuario: mathias Fecha: 07/11/2213:58:58
Se consulto lista profesores por el usuario mathias Fecha: 07/11/2213:58:58.
Se consulto inasistencias del mes: 11 de el usuario mathias por usuario: mathias Fecha: 07/11/2214:15:00
Se consulto lista profesores por el usuario mathias Fecha: 07/11/2214:17:20.
Se consulto lista profesores por el usuario mathias Fecha: 07/11/2214:17:56.
Se consulto lista profesores por el usuario mathias Fecha: 07/11/2214:19:23.
Se consulto lista profesores por el usuario mathias Fecha: 07/11/2214:19:52.
Se consultan todas el registro de inasistencias por el usuario mathias Fecha: 07/11/2214:23:22.
Se consultan todas el registro de inasistencias por el usuario mathias Fecha: 07/11/2214:25:08.
Se consultan todas el registro de inasistencias por el usuario mathias Fecha: 07/11/2214:26:22.
Se ejecuto el script principal por el usuario mathias Fecha: 07/11/22-14:35:47.
Se registro inasistencia codigo: 15 por el usuario mathias Fecha: 07/11/22-14:36:30.
Se registro inasistencia codigo: 16 por el usuario mathias Fecha: 07/11/22-14:37:14.
Se registro inasistencia codigo: 17 por el usuario mathias Fecha: 07/11/22-14:38:04.
Se ejecuto el script principal por el usuario mathias Fecha: 07/11/22-14:39:28.
Se registro inasistencia codigo: 18 por el usuario mathias Fecha: 07/11/22-14:41:22.
Se ejecuto el script principal por el usuario mathias Fecha: 07/11/22-14:50:38.
Se busco documento por nombre, por el usuario mathias Fecha: 07/11/22-14:50:48.
Se busco documento por nombre, por el usuario mathias Fecha: 07/11/22-14:51:04.
Se ejecuto el script principal por el usuario mathias Fecha: 07/11/22-14:52:20.
Se busco documento por nombre, por el usuario mathias Fecha: 07/11/22-14:52:27.
Se ejecuto el script principal por el usuario mathias Fecha: 07/11/22-14:53:50.
Se busco documento por nombre, por el usuario mathias Fecha: 07/11/22-14:53:57.
Se ejecuto el script principal por el usuario mathias Fecha: 07/11/22-14:54:17.
Se busco documento por nombre, por el usuario mathias Fecha: 07/11/22-14:54:21.
Se ejecuto el script principal por el usuario mathias Fecha: 07/11/22-14:57:01.
Se ejecuto el script principal por el usuario mathias Fecha: 07/11/22-14:57:35.
Se ejecuto el script principal por el usuario mathias Fecha: 07/11/22-14:57:59.
Se busco documento por nombre, por el usuario mathias Fecha: 07/11/22-14:58:05.
Se ejecuto el script principal por el usuario mathias Fecha: 07/11/22-14:58:46.
Se busco documento por nombre, por el usuario mathias Fecha: 07/11/22-14:58:49.
Se busco documento por nombre, por el usuario mathias Fecha: 07/11/22-14:58:54.
Se busco documento por nombre, por el usuario mathias Fecha: 07/11/22-14:59:09.
Se ejecuto el script principal por el usuario mathias Fecha: 07/11/22-15:00:25.
Se busco documento por nombre, por el usuario mathias Fecha: 07/11/22-15:00:29.
Se ejecuto el script principal por el usuario mathias Fecha: 07/11/22-15:02:02.
Se busco documento por nombre, por el usuario mathias Fecha: 07/11/22-15:02:06.
Se busco documento por nombre, por el usuario mathias Fecha: 07/11/22-15:02:13.
Se busco documento por nombre, por el usuario mathias Fecha: 07/11/22-15:02:35.
Se busco documento por nombre, por el usuario mathias Fecha: 07/11/22-15:03:10.
Se busco documento por nombre, por el usuario mathias Fecha: 07/11/22-15:03:12.
Se busco documento por nombre, por el usuario mathias Fecha: 07/11/22-15:03:13.
Se ejecuto el script principal por el usuario mathias Fecha: 07/11/22-15:07:35.
Se busco documento por nombre, por el usuario mathias Fecha: 07/11/22-15:07:40.
Se busco documento por nombre, por el usuario mathias Fecha: 07/11/22-15:07:48.
Se ejecuto el script principal por el usuario mathias Fecha: 07/11/22-15:07:50.
Se ejecuto el script principal por el usuario mathias Fecha: 07/11/22-15:09:05.
Se ejecuto el script principal por el usuario mathias Fecha: 07/11/22-15:12:06.
Se consulto inasistencias del mes: 05 de mathias CI: 51114096 por usuario: mathias Fecha: 07/11/22-15:12:26
Se ejecuto el script principal por el usuario mathias Fecha: 07/11/22-15:13:34.
Se consulto inasistencias del mes: 05 de mathias CI: 51114096 por usuario: mathias Fecha: 07/11/22-15:13:42
Se ejecuto el script principal por el usuario mathias Fecha: 07/11/22-15:16:24.
Se consulto inasistencias del mes: 05 de mathias CI: 51114096 por usuario: mathias Fecha: 07/11/22-15:16:32
Se ejecuto el script principal por el usuario mathias Fecha: 07/11/22-15:19:25.
Se consulto inasistencias del mes: 05 de mathias CI: 51114096 por usuario: mathias Fecha: 07/11/22-15:19:34
Se ejecuto el script principal por el usuario mathias Fecha: 07/11/22-15:20:09.
Se ejecuto el script principal por el usuario mathias Fecha: 07/11/22-22:48:24.
Se consulto inasistencias del mes: 05 de mathias CI: 51114096 por usuario: mathias Fecha: 07/11/22-22:48:41
Se ejecuto el script principal por el usuario mathias Fecha: 07/11/22-22:48:55.
Se ejecuto el script principal por el usuario mathias Fecha: 07/11/22-22:49:26.
Se consulto inasistencias del mes: 05 de mathias CI: 51114096 por usuario: mathias Fecha: 07/11/22-22:49:35
Se ejecuto el script principal por el usuario mathias Fecha: 07/11/22-22:52:45.
Se consulto inasistencias del mes: 05 de mathias CI: 51114096 por usuario: mathias Fecha: 07/11/22-22:52:52
Se ejecuto el script principal por el usuario mathias Fecha: 07/11/22-22:53:21.
Se consulto inasistencias del mes: 02 de mathias CI: 51114096 por usuario: mathias Fecha: 07/11/22-22:53:28
Se ejecuto el script principal por el usuario mathias Fecha: 07/11/22-22:56:18.
Se consulto inasistencias del mes: 02 de mathias CI: 51114096 por usuario: mathias Fecha: 07/11/22-22:56:31
Se ejecuto el script principal por el usuario mathias Fecha: 07/11/22-22:59:05.
Se consulto inasistencias del mes: 02 de el usuario mathias por usuario: mathias Fecha: 07/11/22-22:59:19
Se ejecuto el script principal por el usuario mathias Fecha: 07/11/22-23:01:48.
Se consulto inasistencias del mes: 02 de el usuario mathias por usuario: mathias Fecha: 07/11/22-23:02:00
Se consulto inasistencias del mes: 02 de mathias CI: 51114096 por usuario: mathias Fecha: 07/11/22-23:02:14
Se ejecuto el script principal por el usuario mathias Fecha: 07/11/22-23:02:21.
Se consulto inasistencias del mes: 02 de el usuario mathias por usuario: mathias Fecha: 07/11/22-23:02:31
Se ejecuto el script principal por el usuario mathias Fecha: 07/11/22-23:03:53.
Se consulto inasistencias del mes: 02 de el usuario mathias por usuario: mathias Fecha: 07/11/22-23:04:01
Se ejecuto el script principal por el usuario mathias Fecha: 08/11/22-14:03:58.
Se ejecuto el script principal por el usuario mathias Fecha: 08/11/22-14:04:34.
Se ejecuto el script principal por el usuario mathias Fecha: 08/11/22-14:09:03.
Se ejecuto el script principal por el usuario mathias Fecha: 08/11/22-14:13:06.
Se ejecuto el script principal por el usuario mathias Fecha: 08/11/22-14:13:49.
Se ejecuto el script principal por el usuario mathias Fecha: 08/11/22-14:14:47.
Se ejecuto el script principal por el usuario mathias Fecha: 08/11/22-14:32:07.
Se modifico inasistencia codigo: 15 por el usuario mathias Fecha: 07/11/22-14:36:30.
Se ejecuto el script principal por el usuario mathias Fecha: 08/11/22-14:36:50.
Se ejecuto el script principal por el usuario mathias Fecha: 08/11/22-14:37:14.
Se ejecuto el script principal por el usuario mathias Fecha: 08/11/22-14:38:43.
Se ejecuto el script principal por el usuario mathias Fecha: 08/11/22-15:18:35.
Se modifico inasistencia codigo: 15 por el usuario mathias Fecha: 08/11/22-15:19:23.
Se ejecuto el script principal por el usuario mathias Fecha: 08/11/22-15:22:20.
Se modifico inasistencia codigo: 16 por el usuario mathias Fecha: 08/11/22-15:23:14.
Se ejecuto el script principal por el usuario mathias Fecha: 08/11/22-15:26:58.
Se ejecuto el script principal por el usuario mathias Fecha: 08/11/22-15:28:00.
Se modifico inasistencia codigo: 15 por el usuario mathias Fecha: 08/11/22-15:28:35.
Se ejecuto el script principal por el usuario mathias Fecha: 08/11/22-15:29:58.
Se modifico inasistencia codigo: 15 por el usuario mathias Fecha: 08/11/22-15:30:26.
Se ejecuto el script principal por el usuario mathias Fecha: 08/11/22-15:32:56.
Se modifico inasistencia codigo: 15 por el usuario mathias Fecha: 08/11/22-15:33:52.
Se ejecuto el script principal por el usuario mathias Fecha: 08/11/22-15:34:32.
Se ejecuto el script principal por el usuario mathias Fecha: 08/11/22-15:35:44.
Se consulto inasistencias del mes: 02 de mathias CI: 51114096 por usuario: mathias Fecha: 08/11/22-15:36:01
Se ejecuto el script principal por el usuario mathias Fecha: 08/11/22-15:37:19.
Se busco documento por nombre, por el usuario mathias Fecha: 08/11/22-15:37:41.
Se busco documento por nombre, por el usuario mathias Fecha: 08/11/22-15:38:01.
Se ejecuto el script principal por el usuario mathias Fecha: 08/11/22-15:38:07.
Se registro inasistencia codigo: 19 por el usuario mathias Fecha: 08/11/22-15:38:44.
Se registro inasistencia codigo: 20 por el usuario mathias Fecha: 08/11/22-15:39:25.
Se consulto lista profesores por el usuario mathias Fecha: 08/11/22-15:39:36.
Se consulto cant registros por el usuario mathias Fecha: 08/11/22-15:39:57.
Se ejecuto el script principal por el usuario mathias Fecha: 08/11/22-15:40:20.
Se consultan todas el registro de inasistencias por el usuario mathias Fecha: 08/11/22-15:40:34.
Se ejecuto el script principal por el usuario mathias Fecha: 08/11/22-15:41:41.
Se consultan todas el registro de inasistencias por el usuario mathias Fecha: 08/11/22-15:41:50.
Se ejecuto el script principal por el usuario mathias Fecha: 08/11/22-15:42:48.
Se consultan todas el registro de inasistencias por el usuario mathias Fecha: 08/11/22-15:42:53.
Se ejecuto el script principal por el usuario mathias Fecha: 08/11/22-15:43:03.
Se consultan todas el registro de inasistencias por el usuario mathias Fecha: 08/11/22-15:43:06.
Se ejecuto el script principal por el usuario mathias Fecha: 08/11/22-15:43:37.
Se consulto lista profesores por el usuario mathias Fecha: 08/11/22-15:43:41.
Se ejecuto el script principal por el usuario mathias Fecha: 08/11/22-15:54:21.
Se ejecuto el script principal por el usuario mathias Fecha: 08/11/22-15:56:25.
Se busco documento por nombre, por el usuario mathias Fecha: 08/11/22-15:56:36.
Se busco documento por nombre, por el usuario mathias Fecha: 08/11/22-15:56:45.
Se ejecuto el script principal por el usuario mathias Fecha: 08/11/22-15:56:50.
Se ejecuto el script principal por el usuario mathias Fecha: 08/11/22-15:59:07.
Se consulto cant registros por el usuario mathias Fecha: 08/11/22-15:59:44.
Se consulto inasistencias de mathias por el usuario mathias Fecha: 08/11/22-16:00:00
Se consulto lista profesores por el usuario mathias Fecha: 08/11/22-16:00:00.
Se ejecuto el script principal por el usuario mathias Fecha: 08/11/22-16:07:14.
Se consulto inasistencias del mes: 05 de mathias CI: 51114096 por usuario: mathias Fecha: 08/11/22-16:07:30
Se ejecuto el script principal por el usuario mathias Fecha: 08/11/22-16:08:25.
Se consulto inasistencias del mes: 05 de mathias CI: 51114096 por usuario: mathias Fecha: 08/11/22-16:08:38
Se ejecuto el script principal por el usuario mathias Fecha: 08/11/22-16:10:18.
Se consulto inasistencias del mes: 05 de mathias CI: 51114096 por usuario: mathias Fecha: 08/11/22-16:10:33
Se ejecuto el script principal por el usuario mathias Fecha: 08/11/22-16:18:43.
Se consulto lista profesores por el usuario mathias Fecha: 08/11/22-16:18:48.
Se ejecuto el script principal por el usuario mathias Fecha: 08/11/22-16:20:07.
Se consulto lista profesores por el usuario mathias Fecha: 08/11/22-16:20:11.
Se ejecuto el script principal por el usuario mathias Fecha: 08/11/22-16:21:02.
Se consulto lista profesores por el usuario mathias Fecha: 08/11/22-16:21:07.
Se ejecuto el script principal por el usuario mathias Fecha: 19/11/22-16:19:21.
Se busco documento por nombre, por el usuario mathias Fecha: 19/11/22-16:20:10.
Se ejecuto el script principal por el usuario mathias Fecha: 19/11/22-16:20:13.
Se consulto inasistencias del mes: 02 de mathias CI: 51114096 por usuario: mathias Fecha: 19/11/22-16:20:38
Se ejecuto el script principal por el usuario mathias Fecha: 19/11/22-16:21:01.
Se ejecuto el script principal por el usuario mathias Fecha: 19/11/22-16:29:21.
Se consulto inasistencias del mes: 02 de mathias CI: 51114096 por usuario: mathias Fecha: 19/11/22-16:29:47
Se ejecuto el script principal por el usuario mathias Fecha: 19/11/22-17:00:14.
Se consulto inasistencias del mes: 02 de mathias CI: 51114096 por usuario: mathias Fecha: 19/11/22-17:00:27
Se ejecuto el script principal por el usuario mathias Fecha: 19/11/22-17:00:58.
Se consulto inasistencias del mes: 02 de mathias CI: 51114096 por usuario: mathias Fecha: 19/11/22-17:01:06
Se ejecuto el script principal por el usuario mathias Fecha: 19/11/22-17:03:19.
Se consulto inasistencias del mes: 02 de mathias CI: 51114096 por usuario: mathias Fecha: 19/11/22-17:03:31
Se ejecuto el script principal por el usuario mathias Fecha: 19/11/22-17:04:20.
Se consulto inasistencias del mes: 02 de mathias CI: 51114096 por usuario: mathias Fecha: 19/11/22-17:04:28
Se ejecuto el script principal por el usuario mathias Fecha: 19/11/22-17:07:31.
Se consulto inasistencias del mes: 02 de mathias CI: 51114096 por usuario: mathias Fecha: 19/11/22-17:07:39
Se ejecuto el script principal por el usuario mathias Fecha: 19/11/22-17:09:05.
Se consulto inasistencias del mes: 02 de mathias CI: 51114096 por usuario: mathias Fecha: 19/11/22-17:09:12
Se ejecuto el script principal por el usuario mathias Fecha: 19/11/22-17:11:50.
Se ejecuto el script principal por el usuario mathias Fecha: 19/11/22-17:12:52.
Se ejecuto el script principal por el usuario mathias Fecha: 19/11/22-17:13:21.
Se consulto inasistencias del mes: 02 de mathias CI: 51114096 por usuario: mathias Fecha: 19/11/22-17:13:28
Se ejecuto el script principal por el usuario mathias Fecha: 19/11/22-17:14:48.
Se consulto inasistencias del mes: 01 de mathias CI: 51114096 por usuario: mathias Fecha: 19/11/22-17:14:56
Se ejecuto el script principal por el usuario mathias Fecha: 19/11/22-17:18:49.
Se consulto inasistencias del mes: 02 de mathias CI: 51114096 por usuario: mathias Fecha: 19/11/22-17:18:58
Se ejecuto el script principal por el usuario mathias Fecha: 19/11/22-17:19:54.
Se consulto inasistencias del mes: 02 de mathias CI: 51114096 por usuario: mathias Fecha: 19/11/22-17:20:00
Se ejecuto el script principal por el usuario mathias Fecha: 19/11/22-17:25:24.
Se consulto inasistencias del mes: 02 de mathias CI: 51114096 por usuario: mathias Fecha: 19/11/22-17:25:34
Se consulto inasistencias del mes: 02 de mathias CI: 51114096 por usuario: mathias Fecha: 19/11/22-17:25:50
Se ejecuto el script principal por el usuario mathias Fecha: 19/11/22-17:26:32.
Se consulto inasistencias del mes: 06 de mathias CI: 51114096 por usuario: mathias Fecha: 19/11/22-17:26:46
Se ejecuto el script principal por el usuario mathias Fecha: 19/11/22-17:32:25.
Se consulto inasistencias del mes: 02 de mathias CI: 51114096 por usuario: mathias Fecha: 19/11/22-17:32:33
Se ejecuto el script principal por el usuario mathias Fecha: 19/11/22-17:33:11.
Se consulto inasistencias del mes: 01 de mathias CI: 51114096 por usuario: mathias Fecha: 19/11/22-17:33:18
Se ejecuto el script principal por el usuario mathias Fecha: 19/11/22-17:33:49.
Se consulto inasistencias del mes: 01 de mathias CI: 51114096 por usuario: mathias Fecha: 19/11/22-17:33:56
Se ejecuto el script principal por el usuario mathias Fecha: 19/11/22-17:37:43.
Se ejecuto el script principal por el usuario mathias Fecha: 19/11/22-17:38:10.
Se consulto inasistencias del mes: 01 de mathias CI: 51114096 por usuario: mathias Fecha: 19/11/22-17:38:20
Se ejecuto el script principal por el usuario mathias Fecha: 19/11/22-17:39:06.
Se consulto inasistencias del mes: 01 de mathias CI: 51114096 por usuario: mathias Fecha: 19/11/22-17:39:24
Se ejecuto el script principal por el usuario mathias Fecha: 19/11/22-17:40:12.
Se consulto inasistencias del mes: 02 de mathias CI: 51114096 por usuario: mathias Fecha: 19/11/22-17:40:18
Se ejecuto el script principal por el usuario mathias Fecha: 19/11/22-17:42:10.
Se consulto inasistencias del mes: 01 de mathias CI: 51114096 por usuario: mathias Fecha: 19/11/22-17:42:18
Se ejecuto el script principal por el usuario mathias Fecha: 19/11/22-17:44:22.
Se consulto inasistencias del mes: 01 de mathias CI: 51114096 por usuario: mathias Fecha: 19/11/22-17:44:28
Se ejecuto el script principal por el usuario mathias Fecha: 19/11/22-17:45:14.
Se consulto inasistencias del mes: 01 de mathias CI: 51114096 por usuario: mathias Fecha: 19/11/22-17:45:21
Se ejecuto el script principal por el usuario mathias Fecha: 19/11/22-17:47:19.
Se consulto inasistencias del mes: 01 de mathias CI: 51114096 por usuario: mathias Fecha: 19/11/22-17:47:26
Se ejecuto el script principal por el usuario mathias Fecha: 19/11/22-17:48:21.
Se consulto inasistencias del mes: 01 de mathias CI: 51114096 por usuario: mathias Fecha: 19/11/22-17:48:30
Se ejecuto el script principal por el usuario mathias Fecha: 19/11/22-17:51:12.
Se consulto inasistencias del mes: 01 de mathias CI: 51114096 por usuario: mathias Fecha: 19/11/22-17:51:19
Se ejecuto el script principal por el usuario mathias Fecha: 19/11/22-17:51:43.
Se consulto inasistencias del mes: 01 de mathias CI: 51114096 por usuario: mathias Fecha: 19/11/22-17:51:49
Se ejecuto el script principal por el usuario mathias Fecha: 19/11/22-17:52:36.
Se consulto inasistencias del mes: 01 de mathias CI: 51114096 por usuario: mathias Fecha: 19/11/22-17:52:42
Se consulto inasistencias del mes: 05 de mathias CI: 51114096 por usuario: mathias Fecha: 19/11/22-17:52:58
Se consulto inasistencias del mes: 01 de mathias CI: 51114096 por usuario: mathias Fecha: 19/11/22-17:53:40
Se consulto inasistencias del mes: 01 de mathias CI: 51114096 por usuario: mathias Fecha: 19/11/22-17:53:58
Se ejecuto el script principal por el usuario mathias Fecha: 19/11/22-17:57:38.
Se consulto inasistencias del mes: 01 de mathias CI: 51114096 por usuario: mathias Fecha: 19/11/22-17:57:47
Se ejecuto el script principal por el usuario mathias Fecha: 19/11/22-17:58:21.
Se ejecuto el script principal por el usuario mathias Fecha: 19/11/22-17:59:43.
Se consulto inasistencias del mes: 01 de mathias CI: 51114096 por usuario: mathias Fecha: 19/11/22-17:59:49
Se ejecuto el script principal por el usuario mathias Fecha: 19/11/22-18:00:18.
Se consulto inasistencias del mes: 01 de mathias CI: 51114096 por usuario: mathias Fecha: 19/11/22-18:00:24
Se ejecuto el script principal por el usuario mathias Fecha: 19/11/22-18:02:41.
Se consulto inasistencias del mes: 01 de mathias CI: 51114096 por usuario: mathias Fecha: 19/11/22-18:02:47
Se ejecuto el script principal por el usuario mathias Fecha: 19/11/22-18:06:49.
Se consulto inasistencias del mes: 1 de mathias CI: 51114096 por usuario: mathias Fecha: 19/11/22-18:07:00
Se ejecuto el script principal por el usuario mathias Fecha: 19/11/22-18:08:16.
Se consulto inasistencias del mes: 1 de mathias CI: 51114096 por usuario: mathias Fecha: 19/11/22-18:08:30
Se ejecuto el script principal por el usuario mathias Fecha: 19/11/22-18:10:05.
Se consulto inasistencias del mes: 1 de mathias CI: 51114096 por usuario: mathias Fecha: 19/11/22-18:10:11
Se ejecuto el script principal por el usuario mathias Fecha: 19/11/22-18:11:10.
Se consulto inasistencias del mes: 1 de mathias CI: 51114096 por usuario: mathias Fecha: 19/11/22-18:11:15
Se ejecuto el script principal por el usuario mathias Fecha: 19/11/22-18:13:14.
Se ejecuto el script principal por el usuario mathias Fecha: 19/11/22-18:13:37.
Se consulto inasistencias del mes: 1 de mathias CI: 51114096 por usuario: mathias Fecha: 19/11/22-18:13:44
Se ejecuto el script principal por el usuario mathias Fecha: 19/11/22-19:49:58.
Se consulto inasistencias del mes: 1 de mathias CI: 51114096 por usuario: mathias Fecha: 19/11/22-19:50:09
Se ejecuto el script principal por el usuario mathias Fecha: 19/11/22-19:52:13.
Se consulto inasistencias del mes: 1 de mathias CI: 51114096 por usuario: mathias Fecha: 19/11/22-19:52:25
Se consulto inasistencias del mes: 2 de mathias CI: 51114096 por usuario: mathias Fecha: 19/11/22-19:56:56
Se ejecuto el script principal por el usuario mathias Fecha: 19/11/22-20:20:26.
Se consulto inasistencias del mes: 1 de el usuario mathias por usuario: mathias Fecha: 19/11/22-20:20:47
Se consulto inasistencias del mes: 1 de el usuario mathias por usuario: mathias Fecha: 19/11/22-20:21:20
Se consulto inasistencias del mes: 5 de el usuario mathias por usuario: mathias Fecha: 19/11/22-20:21:31
Se ejecuto el script principal por el usuario mathias Fecha: 19/11/22-20:23:34.
Se consulto inasistencias del mes: 1 de el usuario mathias por usuario: mathias Fecha: 19/11/22-20:23:42
Se consulto inasistencias del mes: 5 de el usuario mathias por usuario: mathias Fecha: 19/11/22-20:23:57
Se consulto inasistencias del mes: 1 de el usuario mathias por usuario: mathias Fecha: 19/11/22-20:24:14
Se ejecuto el script principal por el usuario mathias Fecha: 19/11/22-20:30:18.
Se ejecuto el script principal por el usuario mathias Fecha: 19/11/22-20:30:59.
Se consulto inasistencias del mes: 1 de el usuario mathias por usuario: mathias Fecha: 19/11/22-20:31:11
Se ejecuto el script principal por el usuario mathias Fecha: 19/11/22-20:34:58.
Se ejecuto el script principal por el usuario mathias Fecha: 19/11/22-20:40:37.
Se ejecuto el script principal por el usuario mathias Fecha: 19/11/22-20:41:19.
Se ejecuto el script principal por el usuario mathias Fecha: 19/11/22-20:42:12.
Se consulto inasistencias del mes: 12 de el usuario mathias por usuario: mathias Fecha: 19/11/22-20:42:45
Se ejecuto el script principal por el usuario mathias Fecha: 19/11/22-20:44:36.
Se consulto inasistencias del mes: 1 de el usuario mathias por usuario: mathias Fecha: 19/11/22-20:44:50
Se ejecuto el script principal por el usuario mathias Fecha: 19/11/22-20:46:57.
Se consulto inasist. del mes: 1 hasta 13 de docente mathias CI: 51114096 por usuario: mathias Fecha: 19/11/22-20:47:11
Se consulto inasist. del mes: 1 hasta 13 de docente mathias CI: 51114096 por usuario: mathias Fecha: 19/11/22-20:47:28
Se ejecuto el script principal por el usuario mathias Fecha: 19/11/22-20:47:48.
Se ejecuto el script principal por el usuario mathias Fecha: 19/11/22-20:48:56.
Se ejecuto el script principal por el usuario juan Fecha: 19/11/22-20:49:24.
Se registro inasistencia codigo: 21 por el usuario juan Fecha: 19/11/22-20:50:09.
Se ejecuto el script principal por el usuario juan Fecha: 19/11/22-20:54:14.
Se registro inasistencia codigo: 22 por el usuario juan Fecha: 19/11/22-20:55:40.
Se modifico inasistencia codigo: 15 por el usuario juan Fecha: 19/11/22-20:57:29.
Se ejecuto el script principal por el usuario juan Fecha: 19/11/22-20:59:31.
Se modifico inasistencia codigo: 15 por el usuario juan Fecha: 19/11/22-20:59:58.
Se busco documento por nombre, por el usuario juan Fecha: 19/11/22-21:00:10.
Se ejecuto el script principal por el usuario juan Fecha: 19/11/22-21:00:13.
Se consulto inasistencias del mes: 12 de el usuario mathias por usuario: juan Fecha: 19/11/22-21:00:37
Se ejecuto el script principal por el usuario juan Fecha: 19/11/22-21:01:08.
Se consulto inasistencias de mathias por el usuario juan Fecha: 19/11/22-21:01:16
Se consulto lista profesores por el usuario juan Fecha: 19/11/22-21:01:16.
Se ejecuto el script principal por el usuario juan Fecha: 19/11/22-21:02:25.
Se consulto cant registros por el usuario juan Fecha: 19/11/22-21:02:45.
Se ejecuto el script principal por el usuario juan Fecha: 19/11/22-21:05:03.
Se consulto inasistencias de mathias por el usuario juan Fecha: 19/11/22-21:05:14
Se consulto lista profesores por el usuario juan Fecha: 19/11/22-21:05:14.
Se consulto inasist. del mes: 1 hasta 9 de docente mathias CI: 51114096 por usuario: juan Fecha: 19/11/22-21:05:36
Se ejecuto el script principal por el usuario juan Fecha: 19/11/22-21:05:46.
Se consultan todas el registro de inasistencias por el usuario juan Fecha: 19/11/22-21:05:52.
Se consulto lista profesores por el usuario juan Fecha: 19/11/22-21:06:07.
Se ejecuto el script principal por el usuario mathias Fecha: 19/11/22-21:17:16.
Se registro inasistencia codigo: 23 por el usuario mathias Fecha: 19/11/22-21:17:51.
